<?xml version="1.0" encoding="UTF-8"?>
<!-- Generated by org.testng.reporters.JUnitXMLReporter -->
<testsuite hostname="LAPTOP-EPHMJVHJ" name="Test" tests="3" failures="0" timestamp="11 Sep 2019 10:12:40 GMT" time="159.74" errors="0">
  <testcase name="@BeforeMethod openApp" time="0.0" classname="test.ActitimeWorkSpace">
    <failure type="org.openqa.selenium.WebDriverException" message="Failed to connect to binary FirefoxBinary(C:\Program Files (x86)\Mozilla Firefox\firefox.exe) on port 7055; process output follows: 
firefox@getpocket.com version 1.0
1568196715923	addons.xpi	DEBUG	Registering manifest for C:\Program Files (x86)\Mozilla Firefox\browser\features\loop@mozilla.org.xpi
1568196715924	addons.xpi	DEBUG	Calling bootstrap method startup on loop@mozilla.org version 1.2.6
1568196715952	addons.manager	DEBUG	Registering shutdown blocker for XPIProvider
1568196715952	addons.manager	DEBUG	Provider finished startup: XPIProvider
1568196715952	addons.manager	DEBUG	Starting provider: LightweightThemeManager
1568196715952	addons.manager	DEBUG	Registering shutdown blocker for LightweightThemeManager
1568196715952	addons.manager	DEBUG	Provider finished startup: LightweightThemeManager
1568196715953	addons.manager	DEBUG	Starting provider: GMPProvider
1568196715964	addons.manager	DEBUG	Registering shutdown blocker for GMPProvider
1568196715964	addons.manager	DEBUG	Provider finished startup: GMPProvider
1568196715964	addons.manager	DEBUG	Starting provider: PluginProvider
1568196715964	addons.manager	DEBUG	Registering shutdown blocker for PluginProvider
1568196715964	addons.manager	DEBUG	Provider finished startup: PluginProvider
1568196715965	addons.manager	DEBUG	Completed startup sequence
[GFX1]: Potential driver version mismatch ignored due to missing DLLs
1568196718145	DeferredSave.extensions.json	DEBUG	Starting write
1568196718153	addons.manager	DEBUG	Starting provider: &amp;lt;unnamed-provider&amp;gt;
1568196718153	addons.manager	DEBUG	Registering shutdown blocker for &amp;lt;unnamed-provider&amp;gt;
1568196718153	addons.manager	DEBUG	Provider finished startup: &amp;lt;unnamed-provider&amp;gt;
1568196718823	addons.repository	DEBUG	No addons.json found.
1568196718823	DeferredSave.addons.json	DEBUG	Save changes
1568196718827	DeferredSave.addons.json	DEBUG	Starting timer
1568196718890	addons.manager	DEBUG	Starting provider: PreviousExperimentProvider
1568196718890	addons.manager	DEBUG	Registering shutdown blocker for PreviousExperimentProvider
1568196718890	addons.manager	DEBUG	Provider finished startup: PreviousExperimentProvider
1568196718896	DeferredSave.extensions.json	DEBUG	Write succeeded
1568196718896	addons.xpi-utils	DEBUG	XPI Database saved, setting schema version preference to 17
1568196718897	DeferredSave.addons.json	DEBUG	Starting write
1568196718939	DeferredSave.addons.json	DEBUG	Write succeeded
JavaScript error: chrome://fxdriver/content/server.js, line 61: uncaught exception: [object Object]
JavaScript error: chrome://fxdriver/content/server.js, line 61: NS_ERROR_XPC_CI_RETURNED_FAILURE: Component returned failure code: 0x80570015 (NS_ERROR_XPC_CI_RETURNED_FAILURE) [nsIJSCID.createInstance]
JavaScript error: resource://gre/components/nsHandlerService.js, line 391: NS_ERROR_FILE_IS_LOCKED: Component returned failure code: 0x8052000e (NS_ERROR_FILE_IS_LOCKED) [nsIRDFRemoteDataSource.Flush]
JavaScript error: resource://gre/components/nsHandlerService.js, line 391: NS_ERROR_FILE_IS_LOCKED: Component returned failure code: 0x8052000e (NS_ERROR_FILE_IS_LOCKED) [nsIRDFRemoteDataSource.Flush]
1568196749760	addons.xpi	DEBUG	Calling bootstrap method shutdown on e10srollout@mozilla.org version 1.0
1568196749761	addons.xpi	DEBUG	Calling bootstrap method shutdown on firefox@getpocket.com version 1.0
1568196749762	addons.xpi	DEBUG	Calling bootstrap method shutdown on loop@mozilla.org version 1.2.6
1568196750076	addons.manager	DEBUG	shutdown
1568196750076	addons.manager	DEBUG	Calling shutdown blocker for XPIProvider
1568196750077	addons.xpi	DEBUG	shutdown
1568196750077	addons.xpi-utils	DEBUG	shutdown
1568196750078	addons.manager	DEBUG	Calling shutdown blocker for LightweightThemeManager
1568196750078	addons.manager	DEBUG	Calling shutdown blocker for GMPProvider
1568196750080	addons.manager	DEBUG	Calling shutdown blocker for PluginProvider
1568196750081	addons.manager	DEBUG	Calling shutdown blocker for &amp;lt;unnamed-provider&amp;gt;
1568196750082	addons.manager	DEBUG	Calling shutdown blocker for PreviousExperimentProvider
1568196750085	addons.xpi	DEBUG	Notifying XPI shutdown observers
1568196750089	addons.manager	DEBUG	Async provider shutdown done

Build info: version: &amp;apos;2.52.0&amp;apos;, revision: &amp;apos;4c2593c&amp;apos;, time: &amp;apos;2016-02-11 19:06:42&amp;apos;
System info: host: &amp;apos;LAPTOP-EPHMJVHJ&amp;apos;, ip: &amp;apos;192.168.1.9&amp;apos;, os.name: &amp;apos;Windows 10&amp;apos;, os.arch: &amp;apos;amd64&amp;apos;, os.version: &amp;apos;10.0&amp;apos;, java.version: &amp;apos;1.8.0_162&amp;apos;
Driver info: driver.version: FirefoxDriver">
      <![CDATA[org.openqa.selenium.WebDriverException: Failed to connect to binary FirefoxBinary(C:\Program Files (x86)\Mozilla Firefox\firefox.exe) on port 7055; process output follows: 
firefox@getpocket.com version 1.0
1568196715923	addons.xpi	DEBUG	Registering manifest for C:\Program Files (x86)\Mozilla Firefox\browser\features\loop@mozilla.org.xpi
1568196715924	addons.xpi	DEBUG	Calling bootstrap method startup on loop@mozilla.org version 1.2.6
1568196715952	addons.manager	DEBUG	Registering shutdown blocker for XPIProvider
1568196715952	addons.manager	DEBUG	Provider finished startup: XPIProvider
1568196715952	addons.manager	DEBUG	Starting provider: LightweightThemeManager
1568196715952	addons.manager	DEBUG	Registering shutdown blocker for LightweightThemeManager
1568196715952	addons.manager	DEBUG	Provider finished startup: LightweightThemeManager
1568196715953	addons.manager	DEBUG	Starting provider: GMPProvider
1568196715964	addons.manager	DEBUG	Registering shutdown blocker for GMPProvider
1568196715964	addons.manager	DEBUG	Provider finished startup: GMPProvider
1568196715964	addons.manager	DEBUG	Starting provider: PluginProvider
1568196715964	addons.manager	DEBUG	Registering shutdown blocker for PluginProvider
1568196715964	addons.manager	DEBUG	Provider finished startup: PluginProvider
1568196715965	addons.manager	DEBUG	Completed startup sequence
[GFX1]: Potential driver version mismatch ignored due to missing DLLs
1568196718145	DeferredSave.extensions.json	DEBUG	Starting write
1568196718153	addons.manager	DEBUG	Starting provider: <unnamed-provider>
1568196718153	addons.manager	DEBUG	Registering shutdown blocker for <unnamed-provider>
1568196718153	addons.manager	DEBUG	Provider finished startup: <unnamed-provider>
1568196718823	addons.repository	DEBUG	No addons.json found.
1568196718823	DeferredSave.addons.json	DEBUG	Save changes
1568196718827	DeferredSave.addons.json	DEBUG	Starting timer
1568196718890	addons.manager	DEBUG	Starting provider: PreviousExperimentProvider
1568196718890	addons.manager	DEBUG	Registering shutdown blocker for PreviousExperimentProvider
1568196718890	addons.manager	DEBUG	Provider finished startup: PreviousExperimentProvider
1568196718896	DeferredSave.extensions.json	DEBUG	Write succeeded
1568196718896	addons.xpi-utils	DEBUG	XPI Database saved, setting schema version preference to 17
1568196718897	DeferredSave.addons.json	DEBUG	Starting write
1568196718939	DeferredSave.addons.json	DEBUG	Write succeeded
JavaScript error: chrome://fxdriver/content/server.js, line 61: uncaught exception: [object Object]
JavaScript error: chrome://fxdriver/content/server.js, line 61: NS_ERROR_XPC_CI_RETURNED_FAILURE: Component returned failure code: 0x80570015 (NS_ERROR_XPC_CI_RETURNED_FAILURE) [nsIJSCID.createInstance]
JavaScript error: resource://gre/components/nsHandlerService.js, line 391: NS_ERROR_FILE_IS_LOCKED: Component returned failure code: 0x8052000e (NS_ERROR_FILE_IS_LOCKED) [nsIRDFRemoteDataSource.Flush]
JavaScript error: resource://gre/components/nsHandlerService.js, line 391: NS_ERROR_FILE_IS_LOCKED: Component returned failure code: 0x8052000e (NS_ERROR_FILE_IS_LOCKED) [nsIRDFRemoteDataSource.Flush]
1568196749760	addons.xpi	DEBUG	Calling bootstrap method shutdown on e10srollout@mozilla.org version 1.0
1568196749761	addons.xpi	DEBUG	Calling bootstrap method shutdown on firefox@getpocket.com version 1.0
1568196749762	addons.xpi	DEBUG	Calling bootstrap method shutdown on loop@mozilla.org version 1.2.6
1568196750076	addons.manager	DEBUG	shutdown
1568196750076	addons.manager	DEBUG	Calling shutdown blocker for XPIProvider
1568196750077	addons.xpi	DEBUG	shutdown
1568196750077	addons.xpi-utils	DEBUG	shutdown
1568196750078	addons.manager	DEBUG	Calling shutdown blocker for LightweightThemeManager
1568196750078	addons.manager	DEBUG	Calling shutdown blocker for GMPProvider
1568196750080	addons.manager	DEBUG	Calling shutdown blocker for PluginProvider
1568196750081	addons.manager	DEBUG	Calling shutdown blocker for <unnamed-provider>
1568196750082	addons.manager	DEBUG	Calling shutdown blocker for PreviousExperimentProvider
1568196750085	addons.xpi	DEBUG	Notifying XPI shutdown observers
1568196750089	addons.manager	DEBUG	Async provider shutdown done

Build info: version: '2.52.0', revision: '4c2593c', time: '2016-02-11 19:06:42'
System info: host: 'LAPTOP-EPHMJVHJ', ip: '192.168.1.9', os.name: 'Windows 10', os.arch: 'amd64', os.version: '10.0', java.version: '1.8.0_162'
Driver info: driver.version: FirefoxDriver
	at org.openqa.selenium.firefox.internal.NewProfileExtensionConnection.start(NewProfileExtensionConnection.java:124)
	at org.openqa.selenium.firefox.FirefoxDriver.startClient(FirefoxDriver.java:271)
	at org.openqa.selenium.remote.RemoteWebDriver.<init>(RemoteWebDriver.java:119)
	at org.openqa.selenium.firefox.FirefoxDriver.<init>(FirefoxDriver.java:218)
	at org.openqa.selenium.firefox.FirefoxDriver.<init>(FirefoxDriver.java:211)
	at org.openqa.selenium.firefox.FirefoxDriver.<init>(FirefoxDriver.java:207)
	at org.openqa.selenium.firefox.FirefoxDriver.<init>(FirefoxDriver.java:120)
	at generics.BaseTest.openApp(BaseTest.java:16)
Caused by: org.openqa.selenium.firefox.NotConnectedException: Unable to connect to host 127.0.0.1 on port 7055 after 45000 ms. Firefox console output:
firefox@getpocket.com version 1.0
1568196715923	addons.xpi	DEBUG	Registering manifest for C:\Program Files (x86)\Mozilla Firefox\browser\features\loop@mozilla.org.xpi
1568196715924	addons.xpi	DEBUG	Calling bootstrap method startup on loop@mozilla.org version 1.2.6
1568196715952	addons.manager	DEBUG	Registering shutdown blocker for XPIProvider
1568196715952	addons.manager	DEBUG	Provider finished startup: XPIProvider
1568196715952	addons.manager	DEBUG	Starting provider: LightweightThemeManager
1568196715952	addons.manager	DEBUG	Registering shutdown blocker for LightweightThemeManager
1568196715952	addons.manager	DEBUG	Provider finished startup: LightweightThemeManager
1568196715953	addons.manager	DEBUG	Starting provider: GMPProvider
1568196715964	addons.manager	DEBUG	Registering shutdown blocker for GMPProvider
1568196715964	addons.manager	DEBUG	Provider finished startup: GMPProvider
1568196715964	addons.manager	DEBUG	Starting provider: PluginProvider
1568196715964	addons.manager	DEBUG	Registering shutdown blocker for PluginProvider
1568196715964	addons.manager	DEBUG	Provider finished startup: PluginProvider
1568196715965	addons.manager	DEBUG	Completed startup sequence
[GFX1]: Potential driver version mismatch ignored due to missing DLLs
1568196718145	DeferredSave.extensions.json	DEBUG	Starting write
1568196718153	addons.manager	DEBUG	Starting provider: <unnamed-provider>
1568196718153	addons.manager	DEBUG	Registering shutdown blocker for <unnamed-provider>
1568196718153	addons.manager	DEBUG	Provider finished startup: <unnamed-provider>
1568196718823	addons.repository	DEBUG	No addons.json found.
1568196718823	DeferredSave.addons.json	DEBUG	Save changes
1568196718827	DeferredSave.addons.json	DEBUG	Starting timer
1568196718890	addons.manager	DEBUG	Starting provider: PreviousExperimentProvider
1568196718890	addons.manager	DEBUG	Registering shutdown blocker for PreviousExperimentProvider
1568196718890	addons.manager	DEBUG	Provider finished startup: PreviousExperimentProvider
1568196718896	DeferredSave.extensions.json	DEBUG	Write succeeded
1568196718896	addons.xpi-utils	DEBUG	XPI Database saved, setting schema version preference to 17
1568196718897	DeferredSave.addons.json	DEBUG	Starting write
1568196718939	DeferredSave.addons.json	DEBUG	Write succeeded
JavaScript error: chrome://fxdriver/content/server.js, line 61: uncaught exception: [object Object]
JavaScript error: chrome://fxdriver/content/server.js, line 61: NS_ERROR_XPC_CI_RETURNED_FAILURE: Component returned failure code: 0x80570015 (NS_ERROR_XPC_CI_RETURNED_FAILURE) [nsIJSCID.createInstance]
JavaScript error: resource://gre/components/nsHandlerService.js, line 391: NS_ERROR_FILE_IS_LOCKED: Component returned failure code: 0x8052000e (NS_ERROR_FILE_IS_LOCKED) [nsIRDFRemoteDataSource.Flush]
JavaScript error: resource://gre/components/nsHandlerService.js, line 391: NS_ERROR_FILE_IS_LOCKED: Component returned failure code: 0x8052000e (NS_ERROR_FILE_IS_LOCKED) [nsIRDFRemoteDataSource.Flush]
1568196749760	addons.xpi	DEBUG	Calling bootstrap method shutdown on e10srollout@mozilla.org version 1.0
1568196749761	addons.xpi	DEBUG	Calling bootstrap method shutdown on firefox@getpocket.com version 1.0
1568196749762	addons.xpi	DEBUG	Calling bootstrap method shutdown on loop@mozilla.org version 1.2.6
1568196750076	addons.manager	DEBUG	shutdown
1568196750076	addons.manager	DEBUG	Calling shutdown blocker for XPIProvider
1568196750077	addons.xpi	DEBUG	shutdown
1568196750077	addons.xpi-utils	DEBUG	shutdown
1568196750078	addons.manager	DEBUG	Calling shutdown blocker for LightweightThemeManager
1568196750078	addons.manager	DEBUG	Calling shutdown blocker for GMPProvider
1568196750080	addons.manager	DEBUG	Calling shutdown blocker for PluginProvider
1568196750081	addons.manager	DEBUG	Calling shutdown blocker for <unnamed-provider>
1568196750082	addons.manager	DEBUG	Calling shutdown blocker for PreviousExperimentProvider
1568196750085	addons.xpi	DEBUG	Notifying XPI shutdown observers
1568196750089	addons.manager	DEBUG	Async provider shutdown done

	at org.openqa.selenium.firefox.internal.NewProfileExtensionConnection.start(NewProfileExtensionConnection.java:112)
	... 33 more
... Removed 26 stack frames]]>
    </failure>
  </testcase> <!-- @BeforeMethod openApp -->
  <testcase name="@AfterMethod closeApp" time="0.0" classname="test.ActitimeWorkSpace">
    <skipped/>
  </testcase> <!-- @AfterMethod closeApp -->
  <testcase name="login" time="2.222" classname="test.ActitimeLoginTest"/>
  <testcase name="customerCreate" time="21.111" classname="test.ActitimeCustomerTest"/>
  <testcase name="workSpaceCreate" time="0.002" classname="test.ActitimeWorkSpace">
    <skipped/>
  </testcase> <!-- workSpaceCreate -->
</testsuite> <!-- Test -->
